Using pre-set license
Built from '2020.3/staging' branch; Version is '2020.3.14f1 (d0d1bb862f9d) revision 13685179'; Using compiler version '192528614'; Build Type 'Release'
OS: 'Windows 10 Home; OS build 19042.1348; Version 2009; 64bit' Language: 'en' Physical Memory: 16205 MB
BatchMode: 1, IsHumanControllingUs: 0, StartBugReporterOnCrash: 0, Is64bit: 1, IsPro: 0

 COMMAND LINE ARGUMENTS:
C:\Program Files\Unity\Editor\Unity.exe
-adb2
-batchMode
-noUpm
-name
AssetImportWorker0
-projectPath
C:/Users/chris/Desktop/school/Game Cinematic/Game Cinematic/Game Cinematic
-logFile
Logs/AssetImportWorker0.log
-srvPort
51614
Successfully changed project path to: C:/Users/chris/Desktop/school/Game Cinematic/Game Cinematic/Game Cinematic
C:/Users/chris/Desktop/school/Game Cinematic/Game Cinematic/Game Cinematic
Using Asset Import Pipeline V2.
Refreshing native plugins compatible for Editor in 48.91 ms, found 2 plugins.
Preloading 0 native plugins for Editor in 0.00 ms.
Initialize engine version: 2020.3.14f1 (d0d1bb862f9d)
[Subsystems] Discovering subsystems at path C:/Program Files/Unity/Editor/Data/Resources/UnitySubsystems
[Subsystems] Discovering subsystems at path C:/Users/chris/Desktop/school/Game Cinematic/Game Cinematic/Game Cinematic/Assets
GfxDevice: creating device client; threaded=0
Direct3D:
    Version:  Direct3D 11.0 [level 11.1]
    Renderer: NVIDIA GeForce RTX 3060 Laptop GPU (ID=0x2520)
    Vendor:   
    VRAM:     6023 MB
    Driver:   27.21.14.6140
Initialize mono
Mono path[0] = 'C:/Program Files/Unity/Editor/Data/Managed'
Mono path[1] = 'C:/Program Files/Unity/Editor/Data/MonoBleedingEdge/lib/mono/unityjit'
Mono config path = 'C:/Program Files/Unity/Editor/Data/MonoBleedingEdge/etc'
Using monoOptions --debugger-agent=transport=dt_socket,embedding=1,server=y,suspend=n,address=127.0.0.1:56244
Begin MonoManager ReloadAssembly
Registering precompiled unity dll's ...
Register platform support module: C:/Program Files/Unity/Editor/Data/PlaybackEngines/WindowsStandaloneSupport/UnityEditor.WindowsStandalone.Extensions.dll
Registered in 0.003336 seconds.
Native extension for WindowsStandalone target not found
Refreshing native plugins compatible for Editor in 44.05 ms, found 2 plugins.
Preloading 0 native plugins for Editor in 0.00 ms.
Mono: successfully reloaded assembly
- Completed reload, in  1.457 seconds
Domain Reload Profiling:
	ReloadAssembly (1457ms)
		BeginReloadAssembly (75ms)
			ExecutionOrderSort (0ms)
			DisableScriptedObjects (0ms)
			BackupInstance (0ms)
			ReleaseScriptingObjects (0ms)
			CreateAndSetChildDomain (1ms)
		EndReloadAssembly (543ms)
			LoadAssemblies (72ms)
			RebuildTransferFunctionScriptingTraits (0ms)
			SetupTypeCache (203ms)
			ReleaseScriptCaches (0ms)
			RebuildScriptCaches (42ms)
			SetupLoadedEditorAssemblies (205ms)
				LogAssemblyErrors (0ms)
				InitializePlatformSupportModulesInManaged (6ms)
				SetLoadedEditorAssemblies (0ms)
				RefreshPlugins (44ms)
				BeforeProcessingInitializeOnLoad (17ms)
				ProcessInitializeOnLoadAttributes (102ms)
				ProcessInitializeOnLoadMethodAttributes (35ms)
				AfterProcessingInitializeOnLoad (0ms)
				EditorAssembliesLoaded (0ms)
			ExecutionOrderSort2 (0ms)
			AwakeInstancesAfterBackupRestoration (0ms)
Platform modules already initialized, skipping
Registering precompiled user dll's ...
Registered in 0.006260 seconds.
Begin MonoManager ReloadAssembly
Native extension for WindowsStandalone target not found
Refreshing native plugins compatible for Editor in 0.46 ms, found 2 plugins.
Preloading 0 native plugins for Editor in 0.00 ms.
Mono: successfully reloaded assembly
- Completed reload, in  1.463 seconds
Domain Reload Profiling:
	ReloadAssembly (1464ms)
		BeginReloadAssembly (203ms)
			ExecutionOrderSort (0ms)
			DisableScriptedObjects (6ms)
			BackupInstance (0ms)
			ReleaseScriptingObjects (0ms)
			CreateAndSetChildDomain (21ms)
		EndReloadAssembly (1171ms)
			LoadAssemblies (127ms)
			RebuildTransferFunctionScriptingTraits (0ms)
			SetupTypeCache (385ms)
			ReleaseScriptCaches (0ms)
			RebuildScriptCaches (65ms)
			SetupLoadedEditorAssemblies (469ms)
				LogAssemblyErrors (0ms)
				InitializePlatformSupportModulesInManaged (7ms)
				SetLoadedEditorAssemblies (1ms)
				RefreshPlugins (1ms)
				BeforeProcessingInitializeOnLoad (138ms)
				ProcessInitializeOnLoadAttributes (307ms)
				ProcessInitializeOnLoadMethodAttributes (6ms)
				AfterProcessingInitializeOnLoad (10ms)
				EditorAssembliesLoaded (0ms)
			ExecutionOrderSort2 (0ms)
			AwakeInstancesAfterBackupRestoration (8ms)
Platform modules already initialized, skipping
========================================================================
Worker process is ready to serve import requests
Launched and connected shader compiler UnityShaderCompiler.exe after 0.05 seconds
Refreshing native plugins compatible for Editor in 0.45 ms, found 2 plugins.
Preloading 0 native plugins for Editor in 0.00 ms.
Unloading 1899 Unused Serialized files (Serialized files now loaded: 0)
System memory in use before: 86.5 MB.
System memory in use after: 86.5 MB.

Unloading 21 unused Assets to reduce memory usage. Loaded Objects now: 2334.
Total: 2.677300 ms (FindLiveObjects: 0.198400 ms CreateObjectMapping: 0.077800 ms MarkObjects: 2.267700 ms  DeleteObjects: 0.132300 ms)

AssetImportParameters requested are different than current active one (requested -> active):
  custom:framework-win-MediaFoundation: 216162199b28c13a410421893ffa2e32 -> 
  custom:video-decoder-ogg-theora: a1e56fd34408186e4bbccfd4996cb3dc -> 
  custom:container-muxer-webm: aa71ff27fc2769a1b78a27578f13a17b -> 
  custom:container-demuxer-webm: 4f35f7cbe854078d1ac9338744f61a02 -> 
  custom:container-demuxer-ogg: 62fdf1f143b41e24485cea50d1cbac27 -> 
  custom:video-encoder-webm-vp8: eb34c28f22e8b96e1ab97ce403110664 -> 
  custom:video-decoder-webm-vp8: 9c59270c3fd7afecdb556c50c9e8de78 -> 
  custom:audio-decoder-ogg-vorbis: bf7c407c2cedff20999df2af8eb42d56 -> 
  custom:audio-encoder-webm-vorbis: bf7c407c2cedff20999df2af8eb42d56 -> 
========================================================================
Received Import Request.
  path: Assets/GameObjectTimeline.playable
  artifactKey: Guid(3dc6c64793089524cb1e330dd7386d81) Importer(815301076,1909f56bfc062723c751e8b465ee728b)
Start importing Assets/GameObjectTimeline.playable using Guid(3dc6c64793089524cb1e330dd7386d81) Importer(815301076,1909f56bfc062723c751e8b465ee728b)  -> (artifact id: 'd1ff94753dd3778e700e9625f6b9682a') in 0.067461 seconds 
  Import took 0.071168 seconds .

========================================================================
Received Import Request.
  Time since last request: 0.000540 seconds.
  path: Assets/pick.mat
  artifactKey: Guid(feffbada65b5d5d4c87cfe309d8e3caf) Importer(815301076,1909f56bfc062723c751e8b465ee728b)
Start importing Assets/pick.mat using Guid(feffbada65b5d5d4c87cfe309d8e3caf) Importer(815301076,1909f56bfc062723c751e8b465ee728b)  -> (artifact id: 'e49eb23b2ef923b0908dfd62dae41b4c') in 0.132366 seconds 
  Import took 0.135901 seconds .

========================================================================
Received Import Request.
  Time since last request: 18.329232 seconds.
  path: Assets/theinterview.mp3
  artifactKey: Guid(9884077b593e50047922752d21ffde20) Importer(815301076,1909f56bfc062723c751e8b465ee728b)
Start importing Assets/theinterview.mp3 using Guid(9884077b593e50047922752d21ffde20) Importer(815301076,1909f56bfc062723c751e8b465ee728b)  -> (artifact id: '248aad9b60c46ef8fe738090e8a4d209') in 0.151747 seconds 
  Import took 0.160251 seconds .

========================================================================
Received Prepare
Registering precompiled user dll's ...
Registered in 0.010776 seconds.
Begin MonoManager ReloadAssembly
Native extension for WindowsStandalone target not found
Refreshing native plugins compatible for Editor in 0.43 ms, found 2 plugins.
Preloading 0 native plugins for Editor in 0.00 ms.
Mono: successfully reloaded assembly
- Completed reload, in  1.988 seconds
Domain Reload Profiling:
	ReloadAssembly (1988ms)
		BeginReloadAssembly (172ms)
			ExecutionOrderSort (0ms)
			DisableScriptedObjects (6ms)
			BackupInstance (0ms)
			ReleaseScriptingObjects (0ms)
			CreateAndSetChildDomain (37ms)
		EndReloadAssembly (1729ms)
			LoadAssemblies (140ms)
			RebuildTransferFunctionScriptingTraits (0ms)
			SetupTypeCache (789ms)
			ReleaseScriptCaches (1ms)
			RebuildScriptCaches (79ms)
			SetupLoadedEditorAssemblies (531ms)
				LogAssemblyErrors (0ms)
				InitializePlatformSupportModulesInManaged (7ms)
				SetLoadedEditorAssemblies (1ms)
				RefreshPlugins (1ms)
				BeforeProcessingInitializeOnLoad (141ms)
				ProcessInitializeOnLoadAttributes (349ms)
				ProcessInitializeOnLoadMethodAttributes (9ms)
				AfterProcessingInitializeOnLoad (23ms)
				EditorAssembliesLoaded (1ms)
			ExecutionOrderSort2 (0ms)
			AwakeInstancesAfterBackupRestoration (15ms)
Platform modules already initialized, skipping
Refreshing native plugins compatible for Editor in 0.58 ms, found 2 plugins.
Preloading 0 native plugins for Editor in 0.00 ms.
Unloading 1872 Unused Serialized files (Serialized files now loaded: 0)
System memory in use before: 87.7 MB.
System memory in use after: 87.7 MB.

Unloading 16 unused Assets to reduce memory usage. Loaded Objects now: 2380.
Total: 4.856800 ms (FindLiveObjects: 0.394900 ms CreateObjectMapping: 0.183200 ms MarkObjects: 4.113700 ms  DeleteObjects: 0.162600 ms)

AssetImportParameters requested are different than current active one (requested -> active):
  custom:framework-win-MediaFoundation: 216162199b28c13a410421893ffa2e32 -> 
  custom:video-decoder-ogg-theora: a1e56fd34408186e4bbccfd4996cb3dc -> 
  custom:container-muxer-webm: aa71ff27fc2769a1b78a27578f13a17b -> 
  custom:container-demuxer-webm: 4f35f7cbe854078d1ac9338744f61a02 -> 
  custom:container-demuxer-ogg: 62fdf1f143b41e24485cea50d1cbac27 -> 
  custom:video-encoder-webm-vp8: eb34c28f22e8b96e1ab97ce403110664 -> 
  custom:video-decoder-webm-vp8: 9c59270c3fd7afecdb556c50c9e8de78 -> 
  custom:audio-decoder-ogg-vorbis: bf7c407c2cedff20999df2af8eb42d56 -> 
  custom:audio-encoder-webm-vorbis: bf7c407c2cedff20999df2af8eb42d56 -> 
========================================================================
Received Import Request.
  Time since last request: 206.432971 seconds.
  path: Assets/peter.mat
  artifactKey: Guid(1d283d522ecfe6f4988c5aaae68163e8) Importer(815301076,1909f56bfc062723c751e8b465ee728b)
Start importing Assets/peter.mat using Guid(1d283d522ecfe6f4988c5aaae68163e8) Importer(815301076,1909f56bfc062723c751e8b465ee728b)  -> (artifact id: '53f343277d448777113ddcc4ddeb97ef') in 0.078799 seconds 
  Import took 0.083352 seconds .

========================================================================
Received Import Request.
  Time since last request: 70.824630 seconds.
  path: Assets/peter.png
  artifactKey: Guid(c750a1ef3c399c94b9618f07b119567f) Importer(815301076,1909f56bfc062723c751e8b465ee728b)
Start importing Assets/peter.png using Guid(c750a1ef3c399c94b9618f07b119567f) Importer(815301076,1909f56bfc062723c751e8b465ee728b)  -> (artifact id: 'cb1b1ed7e07695de213139e76428ca41') in 0.038362 seconds 
  Import took 0.042760 seconds .

========================================================================
Received Import Request.
  Time since last request: 0.027922 seconds.
  path: Assets/peter.png
  artifactKey: Guid(c750a1ef3c399c94b9618f07b119567f) Importer(815301076,1909f56bfc062723c751e8b465ee728b)
Start importing Assets/peter.png using Guid(c750a1ef3c399c94b9618f07b119567f) Importer(815301076,1909f56bfc062723c751e8b465ee728b)  -> (artifact id: 'cb1b1ed7e07695de213139e76428ca41') in 0.012114 seconds 
  Import took 0.017518 seconds .

========================================================================
Received Import Request.
  Time since last request: 337.342158 seconds.
  path: Assets/Dwayne_Johnson_2014_(cropped).jpg
  artifactKey: Guid(7b9be0f0cd9a80e4f88780be4e4b855c) Importer(815301076,1909f56bfc062723c751e8b465ee728b)
Start importing Assets/Dwayne_Johnson_2014_(cropped).jpg using Guid(7b9be0f0cd9a80e4f88780be4e4b855c) Importer(815301076,1909f56bfc062723c751e8b465ee728b)  -> (artifact id: 'c83cb9faa5b2b78e80a182990e4ff3b4') in 0.030381 seconds 
  Import took 0.037373 seconds .

========================================================================
Received Prepare
Registering precompiled user dll's ...
Registered in 0.020936 seconds.
Begin MonoManager ReloadAssembly
Native extension for WindowsStandalone target not found
Refreshing native plugins compatible for Editor in 0.48 ms, found 2 plugins.
Preloading 0 native plugins for Editor in 0.00 ms.
Mono: successfully reloaded assembly
- Completed reload, in  1.712 seconds
Domain Reload Profiling:
	ReloadAssembly (1713ms)
		BeginReloadAssembly (174ms)
			ExecutionOrderSort (0ms)
			DisableScriptedObjects (6ms)
			BackupInstance (0ms)
			ReleaseScriptingObjects (0ms)
			CreateAndSetChildDomain (53ms)
		EndReloadAssembly (1389ms)
			LoadAssemblies (233ms)
			RebuildTransferFunctionScriptingTraits (0ms)
			SetupTypeCache (510ms)
			ReleaseScriptCaches (1ms)
			RebuildScriptCaches (55ms)
			SetupLoadedEditorAssemblies (457ms)
				LogAssemblyErrors (0ms)
				InitializePlatformSupportModulesInManaged (7ms)
				SetLoadedEditorAssemblies (1ms)
				RefreshPlugins (1ms)
				BeforeProcessingInitializeOnLoad (120ms)
				ProcessInitializeOnLoadAttributes (313ms)
				ProcessInitializeOnLoadMethodAttributes (5ms)
				AfterProcessingInitializeOnLoad (10ms)
				EditorAssembliesLoaded (0ms)
			ExecutionOrderSort2 (0ms)
			AwakeInstancesAfterBackupRestoration (8ms)
Platform modules already initialized, skipping
Refreshing native plugins compatible for Editor in 0.48 ms, found 2 plugins.
Preloading 0 native plugins for Editor in 0.00 ms.
Unloading 1871 Unused Serialized files (Serialized files now loaded: 0)
System memory in use before: 87.7 MB.
System memory in use after: 87.7 MB.

Unloading 16 unused Assets to reduce memory usage. Loaded Objects now: 2386.
Total: 2.533400 ms (FindLiveObjects: 0.177300 ms CreateObjectMapping: 0.089300 ms MarkObjects: 2.156600 ms  DeleteObjects: 0.109200 ms)

AssetImportParameters requested are different than current active one (requested -> active):
  custom:framework-win-MediaFoundation: 216162199b28c13a410421893ffa2e32 -> 
  custom:video-decoder-ogg-theora: a1e56fd34408186e4bbccfd4996cb3dc -> 
  custom:container-muxer-webm: aa71ff27fc2769a1b78a27578f13a17b -> 
  custom:container-demuxer-webm: 4f35f7cbe854078d1ac9338744f61a02 -> 
  custom:container-demuxer-ogg: 62fdf1f143b41e24485cea50d1cbac27 -> 
  custom:video-encoder-webm-vp8: eb34c28f22e8b96e1ab97ce403110664 -> 
  custom:video-decoder-webm-vp8: 9c59270c3fd7afecdb556c50c9e8de78 -> 
  custom:audio-decoder-ogg-vorbis: bf7c407c2cedff20999df2af8eb42d56 -> 
  custom:audio-encoder-webm-vorbis: bf7c407c2cedff20999df2af8eb42d56 -> 
========================================================================
Received Import Request.
  Time since last request: 745.211406 seconds.
  path: Assets/Untitled.png
  artifactKey: Guid(8ea3a31042ae01c48a5ab01c350c71bd) Importer(815301076,1909f56bfc062723c751e8b465ee728b)
Start importing Assets/Untitled.png using Guid(8ea3a31042ae01c48a5ab01c350c71bd) Importer(815301076,1909f56bfc062723c751e8b465ee728b)  -> (artifact id: 'c3916ffa421776e67fcb9e8bf41ef0a7') in 0.070690 seconds 
  Import took 0.077513 seconds .

========================================================================
Received Import Request.
  Time since last request: 0.024890 seconds.
  path: Assets/Untitled.png
  artifactKey: Guid(8ea3a31042ae01c48a5ab01c350c71bd) Importer(815301076,1909f56bfc062723c751e8b465ee728b)
Start importing Assets/Untitled.png using Guid(8ea3a31042ae01c48a5ab01c350c71bd) Importer(815301076,1909f56bfc062723c751e8b465ee728b)  -> (artifact id: 'c3916ffa421776e67fcb9e8bf41ef0a7') in 0.011411 seconds 
  Import took 0.015775 seconds .

========================================================================
Received Import Request.
  Time since last request: 81.782841 seconds.
  path: Assets/black.mat
  artifactKey: Guid(8e8a1cabc7d92824bb3fd111d2522f7e) Importer(815301076,1909f56bfc062723c751e8b465ee728b)
Start importing Assets/black.mat using Guid(8e8a1cabc7d92824bb3fd111d2522f7e) Importer(815301076,1909f56bfc062723c751e8b465ee728b)  -> (artifact id: '7eb8a2879fe3126b4b874011d5f3b58e') in 0.057329 seconds 
  Import took 0.072876 seconds .

========================================================================
Received Prepare
Registering precompiled user dll's ...
Registered in 0.006470 seconds.
Begin MonoManager ReloadAssembly
Native extension for WindowsStandalone target not found
Refreshing native plugins compatible for Editor in 0.49 ms, found 2 plugins.
Preloading 0 native plugins for Editor in 0.00 ms.
Mono: successfully reloaded assembly
- Completed reload, in  1.797 seconds
Domain Reload Profiling:
	ReloadAssembly (1797ms)
		BeginReloadAssembly (171ms)
			ExecutionOrderSort (0ms)
			DisableScriptedObjects (6ms)
			BackupInstance (0ms)
			ReleaseScriptingObjects (0ms)
			CreateAndSetChildDomain (46ms)
		EndReloadAssembly (1506ms)
			LoadAssemblies (177ms)
			RebuildTransferFunctionScriptingTraits (0ms)
			SetupTypeCache (649ms)
			ReleaseScriptCaches (1ms)
			RebuildScriptCaches (65ms)
			SetupLoadedEditorAssemblies (454ms)
				LogAssemblyErrors (0ms)
				InitializePlatformSupportModulesInManaged (7ms)
				SetLoadedEditorAssemblies (1ms)
				RefreshPlugins (1ms)
				BeforeProcessingInitializeOnLoad (136ms)
				ProcessInitializeOnLoadAttributes (293ms)
				ProcessInitializeOnLoadMethodAttributes (7ms)
				AfterProcessingInitializeOnLoad (10ms)
				EditorAssembliesLoaded (0ms)
			ExecutionOrderSort2 (0ms)
			AwakeInstancesAfterBackupRestoration (8ms)
Platform modules already initialized, skipping
Refreshing native plugins compatible for Editor in 0.48 ms, found 2 plugins.
Preloading 0 native plugins for Editor in 0.00 ms.
Unloading 1871 Unused Serialized files (Serialized files now loaded: 0)
System memory in use before: 87.7 MB.
System memory in use after: 87.8 MB.

Unloading 16 unused Assets to reduce memory usage. Loaded Objects now: 2391.
Total: 2.489900 ms (FindLiveObjects: 0.196900 ms CreateObjectMapping: 0.084600 ms MarkObjects: 2.089600 ms  DeleteObjects: 0.117500 ms)

AssetImportParameters requested are different than current active one (requested -> active):
  custom:framework-win-MediaFoundation: 216162199b28c13a410421893ffa2e32 -> 
  custom:video-decoder-ogg-theora: a1e56fd34408186e4bbccfd4996cb3dc -> 
  custom:container-muxer-webm: aa71ff27fc2769a1b78a27578f13a17b -> 
  custom:container-demuxer-webm: 4f35f7cbe854078d1ac9338744f61a02 -> 
  custom:container-demuxer-ogg: 62fdf1f143b41e24485cea50d1cbac27 -> 
  custom:video-encoder-webm-vp8: eb34c28f22e8b96e1ab97ce403110664 -> 
  custom:video-decoder-webm-vp8: 9c59270c3fd7afecdb556c50c9e8de78 -> 
  custom:audio-decoder-ogg-vorbis: bf7c407c2cedff20999df2af8eb42d56 -> 
  custom:audio-encoder-webm-vorbis: bf7c407c2cedff20999df2af8eb42d56 -> 
========================================================================
Received Import Request.
  Time since last request: 581.808888 seconds.
  path: Assets/foor.mat
  artifactKey: Guid(0ce66f6efc499b242940e01d6651c9b3) Importer(815301076,1909f56bfc062723c751e8b465ee728b)
Start importing Assets/foor.mat using Guid(0ce66f6efc499b242940e01d6651c9b3) Importer(815301076,1909f56bfc062723c751e8b465ee728b)  -> (artifact id: 'baae3f85a686ff6773714ea8e0112d64') in 0.087722 seconds 
  Import took 0.092283 seconds .

========================================================================
Received Import Request.
  Time since last request: 115.006227 seconds.
  path: Assets/roof.mat
  artifactKey: Guid(d948b89bed2385a46989e48685f4c6b5) Importer(815301076,1909f56bfc062723c751e8b465ee728b)
Start importing Assets/roof.mat using Guid(d948b89bed2385a46989e48685f4c6b5) Importer(815301076,1909f56bfc062723c751e8b465ee728b)  -> (artifact id: '4c3c2a79a8e5e209ef1d4994f4b29ad2') in 0.021558 seconds 
  Import took 0.027200 seconds .

========================================================================
Received Prepare
Registering precompiled user dll's ...
Registered in 0.006362 seconds.
Begin MonoManager ReloadAssembly
Native extension for WindowsStandalone target not found
Refreshing native plugins compatible for Editor in 0.46 ms, found 2 plugins.
Preloading 0 native plugins for Editor in 0.00 ms.
Mono: successfully reloaded assembly
- Completed reload, in  1.566 seconds
Domain Reload Profiling:
	ReloadAssembly (1567ms)
		BeginReloadAssembly (176ms)
			ExecutionOrderSort (0ms)
			DisableScriptedObjects (7ms)
			BackupInstance (0ms)
			ReleaseScriptingObjects (0ms)
			CreateAndSetChildDomain (45ms)
		EndReloadAssembly (1296ms)
			LoadAssemblies (157ms)
			RebuildTransferFunctionScriptingTraits (0ms)
			SetupTypeCache (521ms)
			ReleaseScriptCaches (1ms)
			RebuildScriptCaches (54ms)
			SetupLoadedEditorAssemblies (441ms)
				LogAssemblyErrors (0ms)
				InitializePlatformSupportModulesInManaged (7ms)
				SetLoadedEditorAssemblies (1ms)
				RefreshPlugins (1ms)
				BeforeProcessingInitializeOnLoad (126ms)
				ProcessInitializeOnLoadAttributes (288ms)
				ProcessInitializeOnLoadMethodAttributes (5ms)
				AfterProcessingInitializeOnLoad (12ms)
				EditorAssembliesLoaded (0ms)
			ExecutionOrderSort2 (0ms)
			AwakeInstancesAfterBackupRestoration (9ms)
Platform modules already initialized, skipping
Refreshing native plugins compatible for Editor in 0.49 ms, found 2 plugins.
Preloading 0 native plugins for Editor in 0.00 ms.
Unloading 1871 Unused Serialized files (Serialized files now loaded: 0)
System memory in use before: 87.7 MB.
System memory in use after: 87.8 MB.

Unloading 16 unused Assets to reduce memory usage. Loaded Objects now: 2395.
Total: 2.844700 ms (FindLiveObjects: 0.214500 ms CreateObjectMapping: 0.092600 ms MarkObjects: 2.431500 ms  DeleteObjects: 0.104700 ms)

AssetImportParameters requested are different than current active one (requested -> active):
  custom:framework-win-MediaFoundation: 216162199b28c13a410421893ffa2e32 -> 
  custom:video-decoder-ogg-theora: a1e56fd34408186e4bbccfd4996cb3dc -> 
  custom:container-muxer-webm: aa71ff27fc2769a1b78a27578f13a17b -> 
  custom:container-demuxer-webm: 4f35f7cbe854078d1ac9338744f61a02 -> 
  custom:container-demuxer-ogg: 62fdf1f143b41e24485cea50d1cbac27 -> 
  custom:video-encoder-webm-vp8: eb34c28f22e8b96e1ab97ce403110664 -> 
  custom:video-decoder-webm-vp8: 9c59270c3fd7afecdb556c50c9e8de78 -> 
  custom:audio-decoder-ogg-vorbis: bf7c407c2cedff20999df2af8eb42d56 -> 
  custom:audio-encoder-webm-vorbis: bf7c407c2cedff20999df2af8eb42d56 -> 
========================================================================
Received Import Request.
  Time since last request: 356.033480 seconds.
  path: Assets/black.mat
  artifactKey: Guid(8e8a1cabc7d92824bb3fd111d2522f7e) Importer(815301076,1909f56bfc062723c751e8b465ee728b)
Start importing Assets/black.mat using Guid(8e8a1cabc7d92824bb3fd111d2522f7e) Importer(815301076,1909f56bfc062723c751e8b465ee728b)  -> (artifact id: '59d11f7393857d063b3f1ee68930d201') in 0.096903 seconds 
  Import took 0.101596 seconds .

========================================================================
Received Import Request.
  Time since last request: 0.000521 seconds.
  path: Assets/roof.mat
  artifactKey: Guid(d948b89bed2385a46989e48685f4c6b5) Importer(815301076,1909f56bfc062723c751e8b465ee728b)
Start importing Assets/roof.mat using Guid(d948b89bed2385a46989e48685f4c6b5) Importer(815301076,1909f56bfc062723c751e8b465ee728b)  -> (artifact id: '96b94072c70e83671e6cd0472e624232') in 0.020414 seconds 
  Import took 0.037005 seconds .

========================================================================
Received Import Request.
  Time since last request: 0.000642 seconds.
  path: Assets/peter.mat
  artifactKey: Guid(1d283d522ecfe6f4988c5aaae68163e8) Importer(815301076,1909f56bfc062723c751e8b465ee728b)
Start importing Assets/peter.mat using Guid(1d283d522ecfe6f4988c5aaae68163e8) Importer(815301076,1909f56bfc062723c751e8b465ee728b)  -> (artifact id: '594fe785fab2dd228d954cb1d7d80aa7') in 0.023050 seconds 
  Import took 0.029792 seconds .

========================================================================
Received Import Request.
  Time since last request: 0.000791 seconds.
  path: Assets/GameObjectTimeline.playable
  artifactKey: Guid(3dc6c64793089524cb1e330dd7386d81) Importer(815301076,1909f56bfc062723c751e8b465ee728b)
Start importing Assets/GameObjectTimeline.playable using Guid(3dc6c64793089524cb1e330dd7386d81) Importer(815301076,1909f56bfc062723c751e8b465ee728b)  -> (artifact id: '00aefd2325a8a17118541dc92d6c4cc1') in 0.070134 seconds 
  Import took 0.076819 seconds .

========================================================================
Received Import Request.
  Time since last request: 0.000659 seconds.
  path: Assets/foor.mat
  artifactKey: Guid(0ce66f6efc499b242940e01d6651c9b3) Importer(815301076,1909f56bfc062723c751e8b465ee728b)
Start importing Assets/foor.mat using Guid(0ce66f6efc499b242940e01d6651c9b3) Importer(815301076,1909f56bfc062723c751e8b465ee728b)  -> (artifact id: 'd0dd2594dcd632bf6786b24ddd6a19f6') in 0.024241 seconds 
  Import took 0.030125 seconds .

========================================================================
Received Import Request.
  Time since last request: 0.013187 seconds.
  path: Assets/GameObjectTimeline.playable
  artifactKey: Guid(3dc6c64793089524cb1e330dd7386d81) Importer(815301076,1909f56bfc062723c751e8b465ee728b)
Start importing Assets/GameObjectTimeline.playable using Guid(3dc6c64793089524cb1e330dd7386d81) Importer(815301076,1909f56bfc062723c751e8b465ee728b)  -> (artifact id: '00aefd2325a8a17118541dc92d6c4cc1') in 0.028438 seconds 
  Import took 0.034396 seconds .

========================================================================
Received Prepare
Refreshing native plugins compatible for Editor in 11.28 ms, found 2 plugins.
Preloading 0 native plugins for Editor in 0.00 ms.
Unloading 13 Unused Serialized files (Serialized files now loaded: 0)
System memory in use before: 51.2 MB.
System memory in use after: 51.2 MB.

Unloading 13 unused Assets to reduce memory usage. Loaded Objects now: 2396.
Total: 6.759900 ms (FindLiveObjects: 0.442500 ms CreateObjectMapping: 0.189000 ms MarkObjects: 5.891900 ms  DeleteObjects: 0.233400 ms)

AssetImportParameters requested are different than current active one (requested -> active):
  custom:framework-win-MediaFoundation: 216162199b28c13a410421893ffa2e32 -> 
  custom:video-decoder-ogg-theora: a1e56fd34408186e4bbccfd4996cb3dc -> 
  custom:container-muxer-webm: aa71ff27fc2769a1b78a27578f13a17b -> 
  custom:container-demuxer-webm: 4f35f7cbe854078d1ac9338744f61a02 -> 
  custom:container-demuxer-ogg: 62fdf1f143b41e24485cea50d1cbac27 -> 
  custom:video-encoder-webm-vp8: eb34c28f22e8b96e1ab97ce403110664 -> 
  custom:video-decoder-webm-vp8: 9c59270c3fd7afecdb556c50c9e8de78 -> 
  custom:audio-decoder-ogg-vorbis: bf7c407c2cedff20999df2af8eb42d56 -> 
  custom:audio-encoder-webm-vorbis: bf7c407c2cedff20999df2af8eb42d56 -> 
AssetImportWorkerClient::OnTransportError - code=2 error=End of file
